[2024-02-02 19:49:47 : INFO] - Could not find file for image: ID=6, file=C:\laragon\www/wp-content/uploads/woocommerce-placeholder.png 
[2024-02-02 19:50:02 : INFO] - Re_Smush_It_Task server status: Online 
[2024-02-02 19:50:03 : INFO] - Could not find file for image: ID=6, file=C:\laragon\www/wp-content/uploads/woocommerce-placeholder.png 
[2024-02-02 19:50:03 : INFO] - A total of 7 tasks of type smush found and will be processed in this iteration 
[2024-02-02 19:50:03 : DEBUG] - Lock option (updraft_lock_smush, wp_options) was created in the database 
[2024-02-02 19:50:03 : INFO] - Lock (updraft_lock_smush, wp_options) acquired after initialising the database 
[2024-02-02 19:50:03 : INFO] - Processing task with ID : 1, and type 'smush' 
[2024-02-02 19:50:03 : INFO] - Re_Smush_It_Task - Attachment ID : 15, Started on : February 02, 2024 07:50:03 
[2024-02-02 19:50:03 : INFO] - File: LLX-Computers-logos.jpeg, Compression quality: 92 
[2024-02-02 19:50:05 : INFO] - Backing up the original image - 2024/01/LLX-Computers-logos-updraft-pre-smush-original.jpeg 
[2024-02-02 19:50:06 : INFO] - Could not find file for image: ID=6, file=C:\laragon\www/wp-content/uploads/woocommerce-placeholder.png 
[2024-02-02 19:50:09 : INFO] - Could not find file for image: ID=6, file=C:\laragon\www/wp-content/uploads/woocommerce-placeholder.png 
[2024-02-02 19:50:12 : INFO] - Successfully optimized the image - C:\laragon\www/wp-content/uploads/2024/01/LLX-Computers-logos.jpeg.The file was compressed from 85.73 KB to 24.20 KB, saving 71.77 percent, using WP-Optimize 
[2024-02-02 19:50:12 : INFO] - Completed processing task with ID : 1, and type 'smush' 
[2024-02-02 19:50:12 : INFO] - Processing task with ID : 2, and type 'smush' 
[2024-02-02 19:50:12 : INFO] - Re_Smush_It_Task - Attachment ID : 36, Started on : February 02, 2024 07:50:03 
[2024-02-02 19:50:12 : INFO] - File: 777001.jpg, Compression quality: 92 
[2024-02-02 19:50:13 : INFO] - Could not find file for image: ID=6, file=C:\laragon\www/wp-content/uploads/woocommerce-placeholder.png 
[2024-02-02 19:50:15 : INFO] - Backing up the original image - 2024/01/777001-updraft-pre-smush-original.jpg 
[2024-02-02 19:50:16 : INFO] - Could not find file for image: ID=6, file=C:\laragon\www/wp-content/uploads/woocommerce-placeholder.png 
[2024-02-02 19:50:19 : INFO] - Could not find file for image: ID=6, file=C:\laragon\www/wp-content/uploads/woocommerce-placeholder.png 
[2024-02-02 19:50:22 : INFO] - Could not find file for image: ID=6, file=C:\laragon\www/wp-content/uploads/woocommerce-placeholder.png 
[2024-02-02 19:50:25 : INFO] - Could not find file for image: ID=6, file=C:\laragon\www/wp-content/uploads/woocommerce-placeholder.png 
[2024-02-02 19:50:28 : INFO] - Could not find file for image: ID=6, file=C:\laragon\www/wp-content/uploads/woocommerce-placeholder.png 
[2024-02-02 19:50:29 : INFO] - Successfully optimized the image - C:\laragon\www/wp-content/uploads/2024/01/777001.jpg.The file was compressed from 98.57 KB to 98.57 KB, saving 0 percent, using WP-Optimize 
[2024-02-02 19:50:29 : INFO] - Completed processing task with ID : 2, and type 'smush' 
[2024-02-02 19:50:29 : INFO] - Processing task with ID : 3, and type 'smush' 
[2024-02-02 19:50:29 : INFO] - Re_Smush_It_Task - Attachment ID : 37, Started on : February 02, 2024 07:50:03 
[2024-02-02 19:50:29 : INFO] - File: 1714208.jpg, Compression quality: 92 
[2024-02-02 19:50:31 : INFO] - Could not find file for image: ID=6, file=C:\laragon\www/wp-content/uploads/woocommerce-placeholder.png 
[2024-02-02 19:50:32 : INFO] - Backing up the original image - 2024/01/1714208-updraft-pre-smush-original.jpg 
[2024-02-02 19:50:34 : INFO] - Could not find file for image: ID=6, file=C:\laragon\www/wp-content/uploads/woocommerce-placeholder.png 
[2024-02-02 19:50:37 : INFO] - Could not find file for image: ID=6, file=C:\laragon\www/wp-content/uploads/woocommerce-placeholder.png 
[2024-02-02 19:50:40 : INFO] - Could not find file for image: ID=6, file=C:\laragon\www/wp-content/uploads/woocommerce-placeholder.png 
[2024-02-02 19:50:43 : INFO] - Could not find file for image: ID=6, file=C:\laragon\www/wp-content/uploads/woocommerce-placeholder.png 
[2024-02-02 19:50:46 : INFO] - Could not find file for image: ID=6, file=C:\laragon\www/wp-content/uploads/woocommerce-placeholder.png 
[2024-02-02 19:50:46 : INFO] - Successfully optimized the image - C:\laragon\www/wp-content/uploads/2024/01/1714208.jpg.The file was compressed from 116.66 KB to 116.66 KB, saving 0 percent, using WP-Optimize 
[2024-02-02 19:50:46 : INFO] - Completed processing task with ID : 3, and type 'smush' 
[2024-02-02 19:50:46 : INFO] - Processing task with ID : 4, and type 'smush' 
[2024-02-02 19:50:46 : INFO] - Re_Smush_It_Task - Attachment ID : 38, Started on : February 02, 2024 07:50:03 
[2024-02-02 19:50:46 : INFO] - File: 1432675.jpg, Compression quality: 92 
[2024-02-02 19:50:49 : INFO] - Could not find file for image: ID=6, file=C:\laragon\www/wp-content/uploads/woocommerce-placeholder.png 
[2024-02-02 19:50:50 : INFO] - Backing up the original image - 2024/01/1432675-updraft-pre-smush-original.jpg 
[2024-02-02 19:50:52 : INFO] - Could not find file for image: ID=6, file=C:\laragon\www/wp-content/uploads/woocommerce-placeholder.png 
[2024-02-02 19:50:55 : INFO] - Could not find file for image: ID=6, file=C:\laragon\www/wp-content/uploads/woocommerce-placeholder.png 
[2024-02-02 19:50:58 : INFO] - Could not find file for image: ID=6, file=C:\laragon\www/wp-content/uploads/woocommerce-placeholder.png 
[2024-02-02 19:51:01 : INFO] - Could not find file for image: ID=6, file=C:\laragon\www/wp-content/uploads/woocommerce-placeholder.png 
[2024-02-02 19:51:04 : INFO] - Could not find file for image: ID=6, file=C:\laragon\www/wp-content/uploads/woocommerce-placeholder.png 
[2024-02-02 19:51:04 : INFO] - Could not find file for image: ID=6, file=C:\laragon\www/wp-content/uploads/woocommerce-placeholder.png 
[2024-02-02 19:51:04 : INFO] - A total of 4 tasks of type smush found and will be processed in this iteration 
[2024-02-02 19:51:04 : DEBUG] - Lock option (updraft_lock_smush, wp_options) already existed in the database 
[2024-02-02 19:51:04 : INFO] - Lock (updraft_lock_smush, wp_options) could not be acquired (it is locked) 
[2024-02-02 19:51:04 : INFO] - Failed to gain semaphore lock (smush) - another process is already processing the queue - aborting (if this is wrong - i.e. if the other process crashed without removing the lock, then another can be started after 1 minute 
[2024-02-02 19:51:04 : INFO] - Cleaning up tasks of type (smush). A total of 3 tasks will be deleted. 
[2024-02-02 19:51:07 : INFO] - Could not find file for image: ID=6, file=C:\laragon\www/wp-content/uploads/woocommerce-placeholder.png 
[2024-02-02 19:51:08 : INFO] - Successfully optimized the image - C:\laragon\www/wp-content/uploads/2024/01/1432675.jpg.The file was compressed from 185.14 KB to 185.14 KB, saving 0 percent, using WP-Optimize 
[2024-02-02 19:51:08 : INFO] - Completed processing task with ID : 4, and type 'smush' 
[2024-02-02 19:51:08 : INFO] - Processing task with ID : 5, and type 'smush' 
[2024-02-02 19:51:08 : INFO] - Re_Smush_It_Task - Attachment ID : 44, Started on : February 02, 2024 07:50:03 
[2024-02-02 19:51:08 : INFO] - File: 3850587.jpg, Compression quality: 92 
[2024-02-02 19:51:10 : INFO] - Could not find file for image: ID=6, file=C:\laragon\www/wp-content/uploads/woocommerce-placeholder.png 
[2024-02-02 19:51:11 : INFO] - Backing up the original image - 2024/01/3850587-updraft-pre-smush-original.jpg 
[2024-02-02 19:51:13 : INFO] - Could not find file for image: ID=6, file=C:\laragon\www/wp-content/uploads/woocommerce-placeholder.png 
[2024-02-02 19:51:16 : INFO] - Could not find file for image: ID=6, file=C:\laragon\www/wp-content/uploads/woocommerce-placeholder.png 
[2024-02-02 19:51:19 : INFO] - Could not find file for image: ID=6, file=C:\laragon\www/wp-content/uploads/woocommerce-placeholder.png 
[2024-02-02 19:51:22 : INFO] - Could not find file for image: ID=6, file=C:\laragon\www/wp-content/uploads/woocommerce-placeholder.png 
[2024-02-02 19:51:24 : INFO] - Successfully optimized the image - C:\laragon\www/wp-content/uploads/2024/01/3850587.jpg.The file was compressed from 92.37 KB to 92.37 KB, saving 0 percent, using WP-Optimize 
[2024-02-02 19:51:24 : INFO] - Completed processing task with ID : 5, and type 'smush' 
[2024-02-02 19:51:24 : INFO] - Processing task with ID : 6, and type 'smush' 
[2024-02-02 19:51:24 : INFO] - Re_Smush_It_Task - Attachment ID : 45, Started on : February 02, 2024 07:50:03 
[2024-02-02 19:51:24 : INFO] - File: 3850512.jpg, Compression quality: 92 
[2024-02-02 19:51:25 : INFO] - Could not find file for image: ID=6, file=C:\laragon\www/wp-content/uploads/woocommerce-placeholder.png 
[2024-02-02 19:51:27 : INFO] - Backing up the original image - 2024/01/3850512-updraft-pre-smush-original.jpg 
[2024-02-02 19:51:28 : INFO] - Could not find file for image: ID=6, file=C:\laragon\www/wp-content/uploads/woocommerce-placeholder.png 
[2024-02-02 19:51:31 : INFO] - Could not find file for image: ID=6, file=C:\laragon\www/wp-content/uploads/woocommerce-placeholder.png 
[2024-02-02 19:51:34 : INFO] - Could not find file for image: ID=6, file=C:\laragon\www/wp-content/uploads/woocommerce-placeholder.png 
[2024-02-02 19:51:37 : INFO] - Could not find file for image: ID=6, file=C:\laragon\www/wp-content/uploads/woocommerce-placeholder.png 
[2024-02-02 19:51:40 : INFO] - Could not find file for image: ID=6, file=C:\laragon\www/wp-content/uploads/woocommerce-placeholder.png 
[2024-02-02 19:51:42 : INFO] - Successfully optimized the image - C:\laragon\www/wp-content/uploads/2024/01/3850512.jpg.The file was compressed from 159.25 KB to 159.25 KB, saving 0 percent, using WP-Optimize 
[2024-02-02 19:51:42 : INFO] - Completed processing task with ID : 6, and type 'smush' 
[2024-02-02 19:51:42 : INFO] - Processing task with ID : 7, and type 'smush' 
[2024-02-02 19:51:42 : INFO] - Re_Smush_It_Task - Attachment ID : 53, Started on : February 02, 2024 07:50:03 
[2024-02-02 19:51:42 : INFO] - File: g5f0bjq-frs.jpg, Compression quality: 92 
[2024-02-02 19:51:44 : INFO] - Could not find file for image: ID=6, file=C:\laragon\www/wp-content/uploads/woocommerce-placeholder.png 
[2024-02-02 19:51:47 : INFO] - Could not find file for image: ID=6, file=C:\laragon\www/wp-content/uploads/woocommerce-placeholder.png 
[2024-02-02 19:51:48 : INFO] - Backing up the original image - 2024/02/g5f0bjq-frs-updraft-pre-smush-original.jpg 
[2024-02-02 19:51:50 : INFO] - Could not find file for image: ID=6, file=C:\laragon\www/wp-content/uploads/woocommerce-placeholder.png 
[2024-02-02 19:51:53 : INFO] - Could not find file for image: ID=6, file=C:\laragon\www/wp-content/uploads/woocommerce-placeholder.png 
[2024-02-02 19:51:56 : INFO] - Could not find file for image: ID=6, file=C:\laragon\www/wp-content/uploads/woocommerce-placeholder.png 
[2024-02-02 19:51:59 : INFO] - Successfully optimized the image - C:\laragon\www/wp-content/uploads/2024/02/g5f0bjq-frs.jpg.The file was compressed from 255.21 KB to 255.21 KB, saving 0 percent, using WP-Optimize 
[2024-02-02 19:51:59 : INFO] - Completed processing task with ID : 7, and type 'smush' 
[2024-02-02 19:51:59 : INFO] - Lock option (updraft_lock_smush, wp_options) released 
[2024-02-02 19:51:59 : INFO] - Successfully processed the queue (smush). 7 tasks were processed out of 7. 
[2024-02-02 19:51:59 : INFO] - Lock option (updraft_lock_smush, wp_options) was deleted from the database 
[2024-02-02 19:51:59 : INFO] - Cleaning up tasks of type (smush). A total of 4 tasks will be deleted. 
[2024-02-02 19:52:00 : INFO] - Could not find file for image: ID=6, file=C:\laragon\www/wp-content/uploads/woocommerce-placeholder.png 
[2024-02-02 19:52:02 : INFO] - Could not find file for image: ID=6, file=C:\laragon\www/wp-content/uploads/woocommerce-placeholder.png 
[2024-02-02 19:52:09 : INFO] - Could not find file for image: ID=6, file=C:\laragon\www/wp-content/uploads/woocommerce-placeholder.png 
[2024-02-02 19:52:36 : INFO] - Could not find file for image: ID=6, file=C:\laragon\www/wp-content/uploads/woocommerce-placeholder.png 
[2024-02-02 22:29:16 : INFO] - Pruning the smush log file 
